Key: Char('m'), Modifiers: KeyModifiers(0x0)
Key: Tab, Modifiers: KeyModifiers(0x0)
Key: Char(' '), Modifiers: KeyModifiers(0x0)
Key: Char('m'), Modifiers: KeyModifiers(0x0)
Key: Tab, Modifiers: KeyModifiers(0x0)
Key: Tab, Modifiers: KeyModifiers(0x0)
Key: Backspace, Modifiers: KeyModifiers(0x0)
Key: Backspace, Modifiers: KeyModifiers(0x0)
Key: Backspace, Modifiers: KeyModifiers(0x0)
Key: Backspace, Modifiers: KeyModifiers(0x0)
Key: Backspace, Modifiers: KeyModifiers(0x0)
Key: Backspace, Modifiers: KeyModifiers(0x0)
Key: Char('a'), Modifiers: KeyModifiers(0x0)
Key: Char('2'), Modifiers: KeyModifiers(0x0)
Key: Tab, Modifiers: KeyModifiers(0x0)
Key: Down, Modifiers: KeyModifiers(0x0)
Key: Char('t'), Modifiers: KeyModifiers(0x0)
Key: Char('e'), Modifiers: KeyModifiers(0x0)
Key: Char('s'), Modifiers: KeyModifiers(0x0)
Key: Char('t'), Modifiers: KeyModifiers(0x0)
Key: Char('i'), Modifiers: KeyModifiers(0x0)
Key: Char('n'), Modifiers: KeyModifiers(0x0)
Key: Char('g'), Modifiers: KeyModifiers(0x0)
Key: Char('.'), Modifiers: KeyModifiers(0x0)
Key: Char('m'), Modifiers: KeyModifiers(0x0)
Key: Char('p'), Modifiers: KeyModifiers(0x0)
Key: Char('3'), Modifiers: KeyModifiers(0x0)
Key: Backspace, Modifiers: KeyModifiers(0x0)
Key: Char('4'), Modifiers: KeyModifiers(0x0)
Key: Enter, Modifiers: KeyModifiers(0x0)
Key: Enter, Modifiers: KeyModifiers(0x0)
Key: Enter, Modifiers: KeyModifiers(0x0)
Key: Enter, Modifiers: KeyModifiers(0x0)
Key: Enter, Modifiers: KeyModifiers(0x0)
Key: Enter, Modifiers: KeyModifiers(0x0)
Key: Enter, Modifiers: KeyModifiers(0x0)
Key: Enter, Modifiers: KeyModifiers(0x0)
Key: Enter, Modifiers: KeyModifiers(0x0)
Key: Enter, Modifiers: KeyModifiers(0x0)
Key: Enter, Modifiers: KeyModifiers(0x0)
Key: Enter, Modifiers: KeyModifiers(0x0)
Key: Enter, Modifiers: KeyModifiers(0x0)
Key: Enter, Modifiers: KeyModifiers(0x0)
Key: Char('e'), Modifiers: KeyModifiers(CONTROL)
Key: Char('['), Modifiers: KeyModifiers(0x0)
Key: Char('<'), Modifiers: KeyModifiers(0x0)
Key: Char('3'), Modifiers: KeyModifiers(0x0)
Key: Char('5'), Modifiers: KeyModifiers(0x0)
Key: Char(';'), Modifiers: KeyModifiers(0x0)
Key: Char('9'), Modifiers: KeyModifiers(0x0)
Key: Char('4'), Modifiers: KeyModifiers(0x0)
Key: Char(';'), Modifiers: KeyModifiers(0x0)
Key: Char('1'), Modifiers: KeyModifiers(0x0)
Key: Char('3'), Modifiers: KeyModifiers(0x0)
Key: Char('M'), Modifiers: KeyModifiers(SHIFT)
Key: Char('c'), Modifiers: KeyModifiers(CONTROL)
Key: Tab, Modifiers: KeyModifiers(0x0)
Key: Tab, Modifiers: KeyModifiers(0x0)
Key: Backspace, Modifiers: KeyModifiers(0x0)
Key: Backspace, Modifiers: KeyModifiers(0x0)
Key: Backspace, Modifiers: KeyModifiers(0x0)
Key: Backspace, Modifiers: KeyModifiers(0x0)
Key: Backspace, Modifiers: KeyModifiers(0x0)
Key: Backspace, Modifiers: KeyModifiers(0x0)
Key: Backspace, Modifiers: KeyModifiers(0x0)
Key: Backspace, Modifiers: KeyModifiers(0x0)
Key: Backspace, Modifiers: KeyModifiers(0x0)
Key: Backspace, Modifiers: KeyModifiers(0x0)
Key: Backspace, Modifiers: KeyModifiers(0x0)
Key: Up, Modifiers: KeyModifiers(0x0)
Key: BackTab, Modifiers: KeyModifiers(SHIFT)
Key: BackTab, Modifiers: KeyModifiers(SHIFT)
Key: BackTab, Modifiers: KeyModifiers(SHIFT)
Key: BackTab, Modifiers: KeyModifiers(SHIFT)
Key: BackTab, Modifiers: KeyModifiers(SHIFT)
Key: Char('m'), Modifiers: KeyModifiers(0x0)
Key: Tab, Modifiers: KeyModifiers(0x0)
Key: Char(' '), Modifiers: KeyModifiers(0x0)
Key: Char('m'), Modifiers: KeyModifiers(0x0)
Key: Tab, Modifiers: KeyModifiers(0x0)
Key: Backspace, Modifiers: KeyModifiers(0x0)
Key: Backspace, Modifiers: KeyModifiers(0x0)
Key: Backspace, Modifiers: KeyModifiers(0x0)
Key: Backspace, Modifiers: KeyModifiers(0x0)
Key: Backspace, Modifiers: KeyModifiers(0x0)
Key: Char('2'), Modifiers: KeyModifiers(0x0)
Key: Tab, Modifiers: KeyModifiers(0x0)
Key: Down, Modifiers: KeyModifiers(0x0)
Key: Char('t'), Modifiers: KeyModifiers(0x0)
Key: Char('e'), Modifiers: KeyModifiers(0x0)
Key: Char('s'), Modifiers: KeyModifiers(0x0)
Key: Char('t'), Modifiers: KeyModifiers(0x0)
Key: Char('i'), Modifiers: KeyModifiers(0x0)
Key: Char('n'), Modifiers: KeyModifiers(0x0)
Key: Char('g'), Modifiers: KeyModifiers(0x0)
Key: Char('3'), Modifiers: KeyModifiers(0x0)
Key: Char('.'), Modifiers: KeyModifiers(0x0)
Key: Char('m'), Modifiers: KeyModifiers(0x0)
Key: Char('p'), Modifiers: KeyModifiers(0x0)
Key: Char('4'), Modifiers: KeyModifiers(0x0)
Key: Char('e'), Modifiers: KeyModifiers(CONTROL)
Key: Char('['), Modifiers: KeyModifiers(0x0)
Key: Char('<'), Modifiers: KeyModifiers(0x0)
Key: Char('6'), Modifiers: KeyModifiers(0x0)
Key: Char('5'), Modifiers: KeyModifiers(0x0)
Key: Char(';'), Modifiers: KeyModifiers(0x0)
Key: Char('8'), Modifiers: KeyModifiers(0x0)
Key: Char('7'), Modifiers: KeyModifiers(0x0)
Key: Char(';'), Modifiers: KeyModifiers(0x0)
Key: Char('1'), Modifiers: KeyModifiers(0x0)
Key: Char('1'), Modifiers: KeyModifiers(0x0)
Key: Char('M'), Modifiers: KeyModifiers(SHIFT)
Key: Enter, Modifiers: KeyModifiers(0x0)
Key: Enter, Modifiers: KeyModifiers(0x0)
Key: Enter, Modifiers: KeyModifiers(0x0)
Key: Enter, Modifiers: KeyModifiers(0x0)
Key: Enter, Modifiers: KeyModifiers(0x0)
Key: Enter, Modifiers: KeyModifiers(0x0)
Key: Enter, Modifiers: KeyModifiers(0x0)
Key: Enter, Modifiers: KeyModifiers(0x0)
Key: Enter, Modifiers: KeyModifiers(0x0)
Key: Enter, Modifiers: KeyModifiers(0x0)
Key: Enter, Modifiers: KeyModifiers(0x0)
Key: Enter, Modifiers: KeyModifiers(0x0)
Key: Enter, Modifiers: KeyModifiers(0x0)
Key: Enter, Modifiers: KeyModifiers(0x0)
Key: Enter, Modifiers: KeyModifiers(0x0)
Key: Enter, Modifiers: KeyModifiers(0x0)
Key: Enter, Modifiers: KeyModifiers(0x0)
Key: Char('c'), Modifiers: KeyModifiers(CONTROL)
Key: Char('m'), Modifiers: KeyModifiers(0x0)
Key: Tab, Modifiers: KeyModifiers(0x0)
Key: Char(' '), Modifiers: KeyModifiers(0x0)
Key: Char('m'), Modifiers: KeyModifiers(0x0)
Key: Tab, Modifiers: KeyModifiers(0x0)
Key: Backspace, Modifiers: KeyModifiers(0x0)
Key: Backspace, Modifiers: KeyModifiers(0x0)
Key: Backspace, Modifiers: KeyModifiers(0x0)
Key: Backspace, Modifiers: KeyModifiers(0x0)
Key: Backspace, Modifiers: KeyModifiers(0x0)
Key: Backspace, Modifiers: KeyModifiers(0x0)
Key: Char('2'), Modifiers: KeyModifiers(0x0)
Key: Backspace, Modifiers: KeyModifiers(0x0)
Key: Char('a'), Modifiers: KeyModifiers(0x0)
Key: Char('2'), Modifiers: KeyModifiers(0x0)
Key: Tab, Modifiers: KeyModifiers(0x0)
Key: Enter, Modifiers: KeyModifiers(0x0)
Key: Char('t'), Modifiers: KeyModifiers(0x0)
Key: Char('e'), Modifiers: KeyModifiers(0x0)
Key: Char('s'), Modifiers: KeyModifiers(0x0)
Key: Char('t'), Modifiers: KeyModifiers(0x0)
Key: Char('i'), Modifiers: KeyModifiers(0x0)
Key: Char('n'), Modifiers: KeyModifiers(0x0)
Key: Char('g'), Modifiers: KeyModifiers(0x0)
Key: Char('2'), Modifiers: KeyModifiers(0x0)
Key: Char('.'), Modifiers: KeyModifiers(0x0)
Key: Char('m'), Modifiers: KeyModifiers(0x0)
Key: Char('p'), Modifiers: KeyModifiers(0x0)
Key: Char('4'), Modifiers: KeyModifiers(0x0)
Key: Char('e'), Modifiers: KeyModifiers(CONTROL)
Key: Char('['), Modifiers: KeyModifiers(0x0)
Key: Char('<'), Modifiers: KeyModifiers(0x0)
Key: Char('3'), Modifiers: KeyModifiers(0x0)
Key: Char('5'), Modifiers: KeyModifiers(0x0)
Key: Char(';'), Modifiers: KeyModifiers(0x0)
Key: Char('4'), Modifiers: KeyModifiers(0x0)
Key: Char('1'), Modifiers: KeyModifiers(0x0)
Key: Char(';'), Modifiers: KeyModifiers(0x0)
Key: Char('5'), Modifiers: KeyModifiers(0x0)
Key: Char('M'), Modifiers: KeyModifiers(SHIFT)
Key: Char(' '), Modifiers: KeyModifiers(0x0)
Key: Backspace, Modifiers: KeyModifiers(0x0)
Key: Backspace, Modifiers: KeyModifiers(0x0)
Key: Backspace, Modifiers: KeyModifiers(0x0)
Key: Backspace, Modifiers: KeyModifiers(0x0)
Key: Backspace, Modifiers: KeyModifiers(0x0)
Key: Backspace, Modifiers: KeyModifiers(0x0)
Key: Backspace, Modifiers: KeyModifiers(0x0)
Key: Backspace, Modifiers: KeyModifiers(0x0)
Key: Backspace, Modifiers: KeyModifiers(0x0)
Key: Backspace, Modifiers: KeyModifiers(0x0)
Key: Backspace, Modifiers: KeyModifiers(0x0)
Key: Backspace, Modifiers: KeyModifiers(0x0)
Key: Backspace, Modifiers: KeyModifiers(0x0)
Key: Backspace, Modifiers: KeyModifiers(0x0)
Key: Backspace, Modifiers: KeyModifiers(0x0)
Key: Backspace, Modifiers: KeyModifiers(0x0)
Key: Backspace, Modifiers: KeyModifiers(0x0)
Key: Backspace, Modifiers: KeyModifiers(0x0)
Key: Backspace, Modifiers: KeyModifiers(0x0)
Key: Backspace, Modifiers: KeyModifiers(0x0)
Key: Backspace, Modifiers: KeyModifiers(0x0)
Key: Backspace, Modifiers: KeyModifiers(0x0)
Key: Backspace, Modifiers: KeyModifiers(0x0)
Key: Backspace, Modifiers: KeyModifiers(0x0)
Key: Backspace, Modifiers: KeyModifiers(0x0)
Key: Backspace, Modifiers: KeyModifiers(0x0)
Key: Up, Modifiers: KeyModifiers(0x0)
Key: Enter, Modifiers: KeyModifiers(0x0)
Key: Backspace, Modifiers: KeyModifiers(0x0)
Key: Backspace, Modifiers: KeyModifiers(0x0)
Key: Backspace, Modifiers: KeyModifiers(0x0)
Key: Backspace, Modifiers: KeyModifiers(0x0)
Key: Backspace, Modifiers: KeyModifiers(0x0)
Key: Backspace, Modifiers: KeyModifiers(0x0)
Key: Backspace, Modifiers: KeyModifiers(0x0)
Key: Backspace, Modifiers: KeyModifiers(0x0)
Key: Backspace, Modifiers: KeyModifiers(0x0)
Key: Backspace, Modifiers: KeyModifiers(0x0)
Key: Backspace, Modifiers: KeyModifiers(0x0)
Key: Backspace, Modifiers: KeyModifiers(0x0)
Key: Backspace, Modifiers: KeyModifiers(0x0)
Key: Backspace, Modifiers: KeyModifiers(0x0)
Key: Backspace, Modifiers: KeyModifiers(0x0)
Key: Backspace, Modifiers: KeyModifiers(0x0)
Key: Backspace, Modifiers: KeyModifiers(0x0)
Key: Backspace, Modifiers: KeyModifiers(0x0)
Key: Backspace, Modifiers: KeyModifiers(0x0)
Key: Backspace, Modifiers: KeyModifiers(0x0)
Key: Backspace, Modifiers: KeyModifiers(0x0)
Key: Backspace, Modifiers: KeyModifiers(0x0)
Key: Backspace, Modifiers: KeyModifiers(0x0)
Key: Backspace, Modifiers: KeyModifiers(0x0)
Key: Backspace, Modifiers: KeyModifiers(0x0)
Key: Backspace, Modifiers: KeyModifiers(0x0)
Key: Backspace, Modifiers: KeyModifiers(0x0)
Key: Backspace, Modifiers: KeyModifiers(0x0)
Key: Char('c'), Modifiers: KeyModifiers(CONTROL)
Key: Char('c'), Modifiers: KeyModifiers(CONTROL)
Key: Char('c'), Modifiers: KeyModifiers(CONTROL)
Key: Char('c'), Modifiers: KeyModifiers(CONTROL)
Key: BackTab, Modifiers: KeyModifiers(SHIFT)
Key: BackTab, Modifiers: KeyModifiers(SHIFT)
Key: BackTab, Modifiers: KeyModifiers(SHIFT)
Key: BackTab, Modifiers: KeyModifiers(SHIFT)
Key: BackTab, Modifiers: KeyModifiers(SHIFT)
Key: BackTab, Modifiers: KeyModifiers(SHIFT)
Key: BackTab, Modifiers: KeyModifiers(SHIFT)
Key: BackTab, Modifiers: KeyModifiers(SHIFT)
